<?xml version="1.0" encoding="UTF-8"?>
<!-- Generated by org.testng.reporters.JUnitReportReporter -->
<testsuite hostname="Prudhvi" failures="0" tests="1" name="TestCase.LoginPageTest" time="90.949" errors="0" timestamp="2023-12-19T12:13:18 IST" skipped="0">
  <testcase classname="TestCase.LoginPageTest" name="Upload" time="90.949"/>
</testsuite> <!-- TestCase.LoginPageTest -->
